{"numFailedTestSuites":1,"numFailedTests":2,"numPassedTestSuites":9,"numPassedTests":82,"numPendingTestSuites":0,"numPendingTests":0,"numRuntimeErrorTestSuites":0,"numTodoTests":0,"numTotalTestSuites":10,"numTotalTests":84,"openHandles":[],"snapshot":{"added":0,"didUpdate":false,"failure":false,"filesAdded":0,"filesRemoved":0,"filesRemovedList":[],"filesUnmatched":0,"filesUpdated":0,"matched":0,"total":0,"unchecked":0,"uncheckedKeysByFile":[],"unmatched":0,"updated":0},"startTime":1761228156074,"success":false,"testResults":[{"assertionResults":[{"ancestorTitles":["Care & Tags flows (e2e)"],"duration":297,"failureDetails":[{}],"failureMessages":["Error: expected 201 \"Created\", got 400 \"Bad Request\"\n    at Object.<anonymous> (/Users/nekoya/mycats-pro/backend/test/care-tags.e2e-spec.ts:67:8)\n    at processTicksAndRejections (node:internal/process/task_queues:105:5)\n----\n    at Test._assertStatus (/Users/nekoya/mycats-pro/node_modules/.pnpm/supertest@6.3.4/node_modules/supertest/lib/test.js:252:14)\n    at /Users/nekoya/mycats-pro/node_modules/.pnpm/supertest@6.3.4/node_modules/supertest/lib/test.js:308:13\n    at Test._assertFunction (/Users/nekoya/mycats-pro/node_modules/.pnpm/supertest@6.3.4/node_modules/supertest/lib/test.js:285:13)\n    at Test.assert (/Users/nekoya/mycats-pro/node_modules/.pnpm/supertest@6.3.4/node_modules/supertest/lib/test.js:164:23)\n    at Server.localAssert (/Users/nekoya/mycats-pro/node_modules/.pnpm/supertest@6.3.4/node_modules/supertest/lib/test.js:120:14)\n    at Object.onceWrapper (node:events:632:28)\n    at Server.emit (node:events:518:28)\n    at emitCloseNT (node:net:2419:8)\n    at processTicksAndRejections (node:internal/process/task_queues:89:21)"],"fullName":"Care & Tags flows (e2e) tags: register -> login -> create cat -> create tag -> assign/unassign","invocations":1,"location":null,"numPassingAsserts":0,"retryReasons":[],"status":"failed","title":"tags: register -> login -> create cat -> create tag -> assign/unassign"},{"ancestorTitles":["Care & Tags flows (e2e)"],"duration":193,"failureDetails":[{}],"failureMessages":["Error: expected 201 \"Created\", got 400 \"Bad Request\"\n    at Object.<anonymous> (/Users/nekoya/mycats-pro/backend/test/care-tags.e2e-spec.ts:135:8)\n    at processTicksAndRejections (node:internal/process/task_queues:105:5)\n----\n    at Test._assertStatus (/Users/nekoya/mycats-pro/node_modules/.pnpm/supertest@6.3.4/node_modules/supertest/lib/test.js:252:14)\n    at /Users/nekoya/mycats-pro/node_modules/.pnpm/supertest@6.3.4/node_modules/supertest/lib/test.js:308:13\n    at Test._assertFunction (/Users/nekoya/mycats-pro/node_modules/.pnpm/supertest@6.3.4/node_modules/supertest/lib/test.js:285:13)\n    at Test.assert (/Users/nekoya/mycats-pro/node_modules/.pnpm/supertest@6.3.4/node_modules/supertest/lib/test.js:164:23)\n    at Server.localAssert (/Users/nekoya/mycats-pro/node_modules/.pnpm/supertest@6.3.4/node_modules/supertest/lib/test.js:120:14)\n    at Object.onceWrapper (node:events:632:28)\n    at Server.emit (node:events:518:28)\n    at emitCloseNT (node:net:2419:8)\n    at processTicksAndRejections (node:internal/process/task_queues:89:21)"],"fullName":"Care & Tags flows (e2e) care: register -> login -> create cat -> create schedule -> complete","invocations":1,"location":null,"numPassingAsserts":0,"retryReasons":[],"status":"failed","title":"care: register -> login -> create cat -> create schedule -> complete"}],"endTime":1761228161713,"message":"\u001b[1m\u001b[31m  \u001b[1m● \u001b[22m\u001b[1mCare & Tags flows (e2e) › tags: register -> login -> create cat -> create tag -> assign/unassign\u001b[39m\u001b[22m\n\n    expected 201 \"Created\", got 400 \"Bad Request\"\n\u001b[2m\u001b[22m\n\u001b[2m    \u001b[0m \u001b[90m 65 |\u001b[39m       \u001b[33m.\u001b[39m\u001b[36mset\u001b[39m(\u001b[32m\"Authorization\"\u001b[39m\u001b[33m,\u001b[39m \u001b[32m`Bearer ${token}`\u001b[39m)\u001b[22m\n\u001b[2m     \u001b[90m 66 |\u001b[39m       \u001b[33m.\u001b[39msend({ name\u001b[33m:\u001b[39m \u001b[32m`indoor-${Date.now()}`\u001b[39m\u001b[33m,\u001b[39m color\u001b[33m:\u001b[39m \u001b[32m\"#00AA88\"\u001b[39m })\u001b[22m\n\u001b[2m    \u001b[31m\u001b[1m>\u001b[22m\u001b[2m\u001b[39m\u001b[90m 67 |\u001b[39m       \u001b[33m.\u001b[39mexpect(\u001b[35m201\u001b[39m)\u001b[33m;\u001b[39m\u001b[22m\n\u001b[2m     \u001b[90m    |\u001b[39m        \u001b[31m\u001b[1m^\u001b[22m\u001b[2m\u001b[39m\u001b[22m\n\u001b[2m     \u001b[90m 68 |\u001b[39m     \u001b[36mconst\u001b[39m tagId \u001b[33m=\u001b[39m tagRes\u001b[33m.\u001b[39mbody\u001b[33m.\u001b[39mdata\u001b[33m.\u001b[39mid \u001b[36mas\u001b[39m string\u001b[33m;\u001b[39m\u001b[22m\n\u001b[2m     \u001b[90m 69 |\u001b[39m\u001b[22m\n\u001b[2m     \u001b[90m 70 |\u001b[39m     \u001b[90m// assign tag to cat\u001b[39m\u001b[0m\u001b[22m\n\u001b[2m\u001b[22m\n\u001b[2m      \u001b[2mat Object.<anonymous> (\u001b[22m\u001b[2m\u001b[0m\u001b[36mtest/care-tags.e2e-spec.ts\u001b[39m\u001b[0m\u001b[2m:67:8)\u001b[22m\u001b[2m\u001b[22m\n\u001b[2m      ----\u001b[22m\n\u001b[2m      \u001b[2mat Test._assertStatus (\u001b[22m\u001b[2m../node_modules/.pnpm/supertest@6.3.4/node_modules/supertest/lib/test.js\u001b[2m:252:14)\u001b[22m\u001b[2m\u001b[22m\n\u001b[2m      \u001b[2mat \u001b[22m\u001b[2m../node_modules/.pnpm/supertest@6.3.4/node_modules/supertest/lib/test.js\u001b[2m:308:13\u001b[22m\u001b[2m\u001b[22m\n\u001b[2m      \u001b[2mat Test._assertFunction (\u001b[22m\u001b[2m../node_modules/.pnpm/supertest@6.3.4/node_modules/supertest/lib/test.js\u001b[2m:285:13)\u001b[22m\u001b[2m\u001b[22m\n\u001b[2m      \u001b[2mat Test.assert (\u001b[22m\u001b[2m../node_modules/.pnpm/supertest@6.3.4/node_modules/supertest/lib/test.js\u001b[2m:164:23)\u001b[22m\u001b[2m\u001b[22m\n\u001b[2m      \u001b[2mat Server.localAssert (\u001b[22m\u001b[2m../node_modules/.pnpm/supertest@6.3.4/node_modules/supertest/lib/test.js\u001b[2m:120:14)\u001b[22m\u001b[2m\u001b[22m\n\n\u001b[1m\u001b[31m  \u001b[1m● \u001b[22m\u001b[1mCare & Tags flows (e2e) › care: register -> login -> create cat -> create schedule -> complete\u001b[39m\u001b[22m\n\n    expected 201 \"Created\", got 400 \"Bad Request\"\n\u001b[2m\u001b[22m\n\u001b[2m    \u001b[0m \u001b[90m 133 |\u001b[39m         description\u001b[33m:\u001b[39m \u001b[32m\"Annual check\"\u001b[39m\u001b[33m,\u001b[39m\u001b[22m\n\u001b[2m     \u001b[90m 134 |\u001b[39m       })\u001b[22m\n\u001b[2m    \u001b[31m\u001b[1m>\u001b[22m\u001b[2m\u001b[39m\u001b[90m 135 |\u001b[39m       \u001b[33m.\u001b[39mexpect(\u001b[35m201\u001b[39m)\u001b[33m;\u001b[39m\u001b[22m\n\u001b[2m     \u001b[90m     |\u001b[39m        \u001b[31m\u001b[1m^\u001b[22m\u001b[2m\u001b[39m\u001b[22m\n\u001b[2m     \u001b[90m 136 |\u001b[39m     \u001b[36mconst\u001b[39m scheduleId \u001b[33m=\u001b[39m schedCreate\u001b[33m.\u001b[39mbody\u001b[33m.\u001b[39mdata\u001b[33m.\u001b[39mid \u001b[36mas\u001b[39m string\u001b[33m;\u001b[39m\u001b[22m\n\u001b[2m     \u001b[90m 137 |\u001b[39m\u001b[22m\n\u001b[2m     \u001b[90m 138 |\u001b[39m     \u001b[90m// complete it with next schedule\u001b[39m\u001b[0m\u001b[22m\n\u001b[2m\u001b[22m\n\u001b[2m      \u001b[2mat Object.<anonymous> (\u001b[22m\u001b[2m\u001b[0m\u001b[36mtest/care-tags.e2e-spec.ts\u001b[39m\u001b[0m\u001b[2m:135:8)\u001b[22m\u001b[2m\u001b[22m\n\u001b[2m      ----\u001b[22m\n\u001b[2m      \u001b[2mat Test._assertStatus (\u001b[22m\u001b[2m../node_modules/.pnpm/supertest@6.3.4/node_modules/supertest/lib/test.js\u001b[2m:252:14)\u001b[22m\u001b[2m\u001b[22m\n\u001b[2m      \u001b[2mat \u001b[22m\u001b[2m../node_modules/.pnpm/supertest@6.3.4/node_modules/supertest/lib/test.js\u001b[2m:308:13\u001b[22m\u001b[2m\u001b[22m\n\u001b[2m      \u001b[2mat Test._assertFunction (\u001b[22m\u001b[2m../node_modules/.pnpm/supertest@6.3.4/node_modules/supertest/lib/test.js\u001b[2m:285:13)\u001b[22m\u001b[2m\u001b[22m\n\u001b[2m      \u001b[2mat Test.assert (\u001b[22m\u001b[2m../node_modules/.pnpm/supertest@6.3.4/node_modules/supertest/lib/test.js\u001b[2m:164:23)\u001b[22m\u001b[2m\u001b[22m\n\u001b[2m      \u001b[2mat Server.localAssert (\u001b[22m\u001b[2m../node_modules/.pnpm/supertest@6.3.4/node_modules/supertest/lib/test.js\u001b[2m:120:14)\u001b[22m\u001b[2m\u001b[22m\n","name":"/Users/nekoya/mycats-pro/backend/test/care-tags.e2e-spec.ts","startTime":1761228156396,"status":"failed","summary":""},{"assertionResults":[{"ancestorTitles":["Auth Password Reset (e2e)","POST /auth/request-password-reset"],"duration":227,"failureDetails":[],"failureMessages":[],"fullName":"Auth Password Reset (e2e) POST /auth/request-password-reset should accept password reset request for existing user","invocations":1,"location":null,"numPassingAsserts":6,"retryReasons":[],"status":"passed","title":"should accept password reset request for existing user"},{"ancestorTitles":["Auth Password Reset (e2e)","POST /auth/request-password-reset"],"duration":16,"failureDetails":[],"failureMessages":[],"fullName":"Auth Password Reset (e2e) POST /auth/request-password-reset should accept request for non-existing user (security)","invocations":1,"location":null,"numPassingAsserts":1,"retryReasons":[],"status":"passed","title":"should accept request for non-existing user (security)"},{"ancestorTitles":["Auth Password Reset (e2e)","POST /auth/request-password-reset"],"duration":3,"failureDetails":[],"failureMessages":[],"fullName":"Auth Password Reset (e2e) POST /auth/request-password-reset should validate email format","invocations":1,"location":null,"numPassingAsserts":0,"retryReasons":[],"status":"passed","title":"should validate email format"},{"ancestorTitles":["Auth Password Reset (e2e)","POST /auth/request-password-reset"],"duration":23,"failureDetails":[],"failureMessages":[],"fullName":"Auth Password Reset (e2e) POST /auth/request-password-reset should enforce rate limiting (3 requests/min)","invocations":1,"location":null,"numPassingAsserts":0,"retryReasons":[],"status":"passed","title":"should enforce rate limiting (3 requests/min)"},{"ancestorTitles":["Auth Password Reset (e2e)","POST /auth/reset-password"],"duration":1867,"failureDetails":[],"failureMessages":[],"fullName":"Auth Password Reset (e2e) POST /auth/reset-password should reset password with valid token","invocations":1,"location":null,"numPassingAsserts":4,"retryReasons":[],"status":"passed","title":"should reset password with valid token"},{"ancestorTitles":["Auth Password Reset (e2e)","POST /auth/reset-password"],"duration":1488,"failureDetails":[],"failureMessages":[],"fullName":"Auth Password Reset (e2e) POST /auth/reset-password should reject invalid token","invocations":1,"location":null,"numPassingAsserts":0,"retryReasons":[],"status":"passed","title":"should reject invalid token"},{"ancestorTitles":["Auth Password Reset (e2e)","POST /auth/reset-password"],"duration":1596,"failureDetails":[],"failureMessages":[],"fullName":"Auth Password Reset (e2e) POST /auth/reset-password should reject expired token","invocations":1,"location":null,"numPassingAsserts":0,"retryReasons":[],"status":"passed","title":"should reject expired token"},{"ancestorTitles":["Auth Password Reset (e2e)","POST /auth/reset-password"],"duration":148,"failureDetails":[],"failureMessages":[],"fullName":"Auth Password Reset (e2e) POST /auth/reset-password should reject weak passwords","invocations":1,"location":null,"numPassingAsserts":0,"retryReasons":[],"status":"passed","title":"should reject weak passwords"},{"ancestorTitles":["Auth Password Reset (e2e)","POST /auth/reset-password"],"duration":3316,"failureDetails":[],"failureMessages":[],"fullName":"Auth Password Reset (e2e) POST /auth/reset-password should prevent token reuse","invocations":1,"location":null,"numPassingAsserts":1,"retryReasons":[],"status":"passed","title":"should prevent token reuse"},{"ancestorTitles":["Auth Password Reset (e2e)","POST /auth/reset-password"],"duration":4630,"failureDetails":[],"failureMessages":[],"fullName":"Auth Password Reset (e2e) POST /auth/reset-password should enforce rate limiting (3 requests/min)","invocations":1,"location":null,"numPassingAsserts":4,"retryReasons":[],"status":"passed","title":"should enforce rate limiting (3 requests/min)"},{"ancestorTitles":["Auth Password Reset (e2e)","Integration: Full Password Reset Flow"],"duration":1908,"failureDetails":[],"failureMessages":[],"fullName":"Auth Password Reset (e2e) Integration: Full Password Reset Flow should complete full password reset workflow","invocations":1,"location":null,"numPassingAsserts":10,"retryReasons":[],"status":"passed","title":"should complete full password reset workflow"}],"endTime":1761228177378,"message":"","name":"/Users/nekoya/mycats-pro/backend/test/auth-password-reset.e2e-spec.ts","startTime":1761228161730,"status":"passed","summary":""},{"assertionResults":[{"ancestorTitles":["Auth JWT & Rate Limiting (e2e)","JWT Authentication"],"duration":36,"failureDetails":[],"failureMessages":[],"fullName":"Auth JWT & Rate Limiting (e2e) JWT Authentication should reject requests without token","invocations":1,"location":null,"numPassingAsserts":0,"retryReasons":[],"status":"passed","title":"should reject requests without token"},{"ancestorTitles":["Auth JWT & Rate Limiting (e2e)","JWT Authentication"],"duration":4,"failureDetails":[],"failureMessages":[],"fullName":"Auth JWT & Rate Limiting (e2e) JWT Authentication should reject requests with invalid token","invocations":1,"location":null,"numPassingAsserts":0,"retryReasons":[],"status":"passed","title":"should reject requests with invalid token"},{"ancestorTitles":["Auth JWT & Rate Limiting (e2e)","JWT Authentication"],"duration":208,"failureDetails":[],"failureMessages":[],"fullName":"Auth JWT & Rate Limiting (e2e) JWT Authentication should reject requests with malformed Authorization header","invocations":1,"location":null,"numPassingAsserts":0,"retryReasons":[],"status":"passed","title":"should reject requests with malformed Authorization header"},{"ancestorTitles":["Auth JWT & Rate Limiting (e2e)","JWT Authentication"],"duration":200,"failureDetails":[],"failureMessages":[],"fullName":"Auth JWT & Rate Limiting (e2e) JWT Authentication should accept valid JWT token","invocations":1,"location":null,"numPassingAsserts":1,"retryReasons":[],"status":"passed","title":"should accept valid JWT token"},{"ancestorTitles":["Auth JWT & Rate Limiting (e2e)","JWT Authentication"],"duration":80,"failureDetails":[],"failureMessages":[],"fullName":"Auth JWT & Rate Limiting (e2e) JWT Authentication should include user info in JWT payload","invocations":1,"location":null,"numPassingAsserts":4,"retryReasons":[],"status":"passed","title":"should include user info in JWT payload"},{"ancestorTitles":["Auth JWT & Rate Limiting (e2e)","JWT Authentication"],"duration":309,"failureDetails":[],"failureMessages":[],"fullName":"Auth JWT & Rate Limiting (e2e) JWT Authentication should refresh token after login","invocations":1,"location":null,"numPassingAsserts":1,"retryReasons":[],"status":"passed","title":"should refresh token after login"},{"ancestorTitles":["Auth JWT & Rate Limiting (e2e)","Rate Limiting"],"duration":2054,"failureDetails":[],"failureMessages":[],"fullName":"Auth JWT & Rate Limiting (e2e) Rate Limiting should enforce rate limit on login (20/min)","invocations":1,"location":null,"numPassingAsserts":0,"retryReasons":[],"status":"passed","title":"should enforce rate limit on login (20/min)"},{"ancestorTitles":["Auth JWT & Rate Limiting (e2e)","Rate Limiting"],"duration":379,"failureDetails":[],"failureMessages":[],"fullName":"Auth JWT & Rate Limiting (e2e) Rate Limiting should enforce rate limit on register (5/min)","invocations":1,"location":null,"numPassingAsserts":0,"retryReasons":[],"status":"passed","title":"should enforce rate limit on register (5/min)"},{"ancestorTitles":["Auth JWT & Rate Limiting (e2e)","Rate Limiting"],"duration":639,"failureDetails":[],"failureMessages":[],"fullName":"Auth JWT & Rate Limiting (e2e) Rate Limiting should have separate rate limit counters per endpoint","invocations":1,"location":null,"numPassingAsserts":0,"retryReasons":[],"status":"passed","title":"should have separate rate limit counters per endpoint"},{"ancestorTitles":["Auth JWT & Rate Limiting (e2e)","Security Headers"],"duration":5,"failureDetails":[],"failureMessages":[],"fullName":"Auth JWT & Rate Limiting (e2e) Security Headers should include security headers (Helmet)","invocations":1,"location":null,"numPassingAsserts":4,"retryReasons":[],"status":"passed","title":"should include security headers (Helmet)"},{"ancestorTitles":["Auth JWT & Rate Limiting (e2e)","Security Headers"],"duration":124,"failureDetails":[],"failureMessages":[],"fullName":"Auth JWT & Rate Limiting (e2e) Security Headers should set proper CORS headers","invocations":1,"location":null,"numPassingAsserts":1,"retryReasons":[],"status":"passed","title":"should set proper CORS headers"},{"ancestorTitles":["Auth JWT & Rate Limiting (e2e)","Login Failure Tracking"],"duration":403,"failureDetails":[],"failureMessages":[],"fullName":"Auth JWT & Rate Limiting (e2e) Login Failure Tracking should track failed login attempts","invocations":1,"location":null,"numPassingAsserts":0,"retryReasons":[],"status":"passed","title":"should track failed login attempts"},{"ancestorTitles":["Auth JWT & Rate Limiting (e2e)","Login Failure Tracking"],"duration":169,"failureDetails":[],"failureMessages":[],"fullName":"Auth JWT & Rate Limiting (e2e) Login Failure Tracking should return proper error message for wrong password","invocations":1,"location":null,"numPassingAsserts":1,"retryReasons":[],"status":"passed","title":"should return proper error message for wrong password"},{"ancestorTitles":["Auth JWT & Rate Limiting (e2e)","Login Failure Tracking"],"duration":15,"failureDetails":[],"failureMessages":[],"fullName":"Auth JWT & Rate Limiting (e2e) Login Failure Tracking should return same error for non-existent user (security)","invocations":1,"location":null,"numPassingAsserts":1,"retryReasons":[],"status":"passed","title":"should return same error for non-existent user (security)"},{"ancestorTitles":["Auth JWT & Rate Limiting (e2e)","Input Validation"],"duration":4,"failureDetails":[],"failureMessages":[],"fullName":"Auth JWT & Rate Limiting (e2e) Input Validation should validate email format on registration","invocations":1,"location":null,"numPassingAsserts":0,"retryReasons":[],"status":"passed","title":"should validate email format on registration"},{"ancestorTitles":["Auth JWT & Rate Limiting (e2e)","Input Validation"],"duration":21,"failureDetails":[],"failureMessages":[],"fullName":"Auth JWT & Rate Limiting (e2e) Input Validation should enforce password requirements","invocations":1,"location":null,"numPassingAsserts":0,"retryReasons":[],"status":"passed","title":"should enforce password requirements"},{"ancestorTitles":["Auth JWT & Rate Limiting (e2e)","Input Validation"],"duration":332,"failureDetails":[],"failureMessages":[],"fullName":"Auth JWT & Rate Limiting (e2e) Input Validation should trim and lowercase email","invocations":1,"location":null,"numPassingAsserts":0,"retryReasons":[],"status":"passed","title":"should trim and lowercase email"}],"endTime":1761228182798,"message":"","name":"/Users/nekoya/mycats-pro/backend/test/auth-jwt.e2e-spec.ts","startTime":1761228177394,"status":"passed","summary":""},{"assertionResults":[{"ancestorTitles":["Cats API (e2e)","GET /api/v1/cats"],"duration":34,"failureDetails":[],"failureMessages":[],"fullName":"Cats API (e2e) GET /api/v1/cats should return paginated list of cats","invocations":1,"location":null,"numPassingAsserts":3,"retryReasons":[],"status":"passed","title":"should return paginated list of cats"},{"ancestorTitles":["Cats API (e2e)","GET /api/v1/cats"],"duration":5,"failureDetails":[],"failureMessages":[],"fullName":"Cats API (e2e) GET /api/v1/cats should reject request without authentication","invocations":1,"location":null,"numPassingAsserts":2,"retryReasons":[],"status":"passed","title":"should reject request without authentication"},{"ancestorTitles":["Cats API (e2e)","GET /api/v1/cats"],"duration":17,"failureDetails":[],"failureMessages":[],"fullName":"Cats API (e2e) GET /api/v1/cats should respond within 1 second (performance check)","invocations":1,"location":null,"numPassingAsserts":2,"retryReasons":[],"status":"passed","title":"should respond within 1 second (performance check)"},{"ancestorTitles":["Cats API (e2e)","POST /api/v1/cats"],"duration":19,"failureDetails":[],"failureMessages":[],"fullName":"Cats API (e2e) POST /api/v1/cats should create a new cat with valid data","invocations":1,"location":null,"numPassingAsserts":3,"retryReasons":[],"status":"passed","title":"should create a new cat with valid data"},{"ancestorTitles":["Cats API (e2e)","POST /api/v1/cats"],"duration":8,"failureDetails":[],"failureMessages":[],"fullName":"Cats API (e2e) POST /api/v1/cats should validate required fields","invocations":1,"location":null,"numPassingAsserts":3,"retryReasons":[],"status":"passed","title":"should validate required fields"},{"ancestorTitles":["Cats API (e2e)","POST /api/v1/cats"],"duration":6,"failureDetails":[],"failureMessages":[],"fullName":"Cats API (e2e) POST /api/v1/cats should validate gender enum","invocations":1,"location":null,"numPassingAsserts":2,"retryReasons":[],"status":"passed","title":"should validate gender enum"},{"ancestorTitles":["Cats API (e2e)","POST /api/v1/cats"],"duration":10,"failureDetails":[],"failureMessages":[],"fullName":"Cats API (e2e) POST /api/v1/cats should validate date format","invocations":1,"location":null,"numPassingAsserts":2,"retryReasons":[],"status":"passed","title":"should validate date format"},{"ancestorTitles":["Cats API (e2e)","POST /api/v1/cats"],"duration":45,"failureDetails":[],"failureMessages":[],"fullName":"Cats API (e2e) POST /api/v1/cats should handle unique registration number constraint","invocations":1,"location":null,"numPassingAsserts":3,"retryReasons":[],"status":"passed","title":"should handle unique registration number constraint"},{"ancestorTitles":["Cats API (e2e)","POST /api/v1/cats"],"duration":26,"failureDetails":[],"failureMessages":[],"fullName":"Cats API (e2e) POST /api/v1/cats should handle unique microchip number constraint","invocations":1,"location":null,"numPassingAsserts":3,"retryReasons":[],"status":"passed","title":"should handle unique microchip number constraint"},{"ancestorTitles":["Cats API (e2e)","POST /api/v1/cats"],"duration":43,"failureDetails":[],"failureMessages":[],"fullName":"Cats API (e2e) POST /api/v1/cats should create multiple cats successfully","invocations":1,"location":null,"numPassingAsserts":6,"retryReasons":[],"status":"passed","title":"should create multiple cats successfully"},{"ancestorTitles":["Cats API (e2e)","GET /api/v1/cats/:id"],"duration":11,"failureDetails":[],"failureMessages":[],"fullName":"Cats API (e2e) GET /api/v1/cats/:id should get cat by valid ID","invocations":1,"location":null,"numPassingAsserts":3,"retryReasons":[],"status":"passed","title":"should get cat by valid ID"},{"ancestorTitles":["Cats API (e2e)","GET /api/v1/cats/:id"],"duration":8,"failureDetails":[],"failureMessages":[],"fullName":"Cats API (e2e) GET /api/v1/cats/:id should return 404 for non-existent ID","invocations":1,"location":null,"numPassingAsserts":3,"retryReasons":[],"status":"passed","title":"should return 404 for non-existent ID"},{"ancestorTitles":["Cats API (e2e)","GET /api/v1/cats/:id"],"duration":6,"failureDetails":[],"failureMessages":[],"fullName":"Cats API (e2e) GET /api/v1/cats/:id should return 400 for invalid UUID format","invocations":1,"location":null,"numPassingAsserts":3,"retryReasons":[],"status":"passed","title":"should return 400 for invalid UUID format"},{"ancestorTitles":["Cats API (e2e)","PATCH /api/v1/cats/:id"],"duration":266,"failureDetails":[],"failureMessages":[],"fullName":"Cats API (e2e) PATCH /api/v1/cats/:id should update cat with valid data","invocations":1,"location":null,"numPassingAsserts":3,"retryReasons":[],"status":"passed","title":"should update cat with valid data"},{"ancestorTitles":["Cats API (e2e)","PATCH /api/v1/cats/:id"],"duration":33,"failureDetails":[],"failureMessages":[],"fullName":"Cats API (e2e) PATCH /api/v1/cats/:id should allow partial updates","invocations":1,"location":null,"numPassingAsserts":2,"retryReasons":[],"status":"passed","title":"should allow partial updates"},{"ancestorTitles":["Cats API (e2e)","PATCH /api/v1/cats/:id"],"duration":23,"failureDetails":[],"failureMessages":[],"fullName":"Cats API (e2e) PATCH /api/v1/cats/:id should return 404 for non-existent cat","invocations":1,"location":null,"numPassingAsserts":3,"retryReasons":[],"status":"passed","title":"should return 404 for non-existent cat"},{"ancestorTitles":["Cats API (e2e)","PATCH /api/v1/cats/:id"],"duration":59,"failureDetails":[],"failureMessages":[],"fullName":"Cats API (e2e) PATCH /api/v1/cats/:id should validate updated data","invocations":1,"location":null,"numPassingAsserts":2,"retryReasons":[],"status":"passed","title":"should validate updated data"},{"ancestorTitles":["Cats API (e2e)","DELETE /api/v1/cats/:id"],"duration":94,"failureDetails":[],"failureMessages":[],"fullName":"Cats API (e2e) DELETE /api/v1/cats/:id should delete cat successfully","invocations":1,"location":null,"numPassingAsserts":3,"retryReasons":[],"status":"passed","title":"should delete cat successfully"},{"ancestorTitles":["Cats API (e2e)","DELETE /api/v1/cats/:id"],"duration":21,"failureDetails":[],"failureMessages":[],"fullName":"Cats API (e2e) DELETE /api/v1/cats/:id should return 404 when deleting non-existent cat","invocations":1,"location":null,"numPassingAsserts":3,"retryReasons":[],"status":"passed","title":"should return 404 when deleting non-existent cat"},{"ancestorTitles":["Cats API (e2e)","DELETE /api/v1/cats/:id"],"duration":22,"failureDetails":[],"failureMessages":[],"fullName":"Cats API (e2e) DELETE /api/v1/cats/:id should return 400 for invalid UUID","invocations":1,"location":null,"numPassingAsserts":3,"retryReasons":[],"status":"passed","title":"should return 400 for invalid UUID"},{"ancestorTitles":["Cats API (e2e)","Performance Tests"],"duration":167,"failureDetails":[],"failureMessages":[],"fullName":"Cats API (e2e) Performance Tests should handle bulk create efficiently","invocations":1,"location":null,"numPassingAsserts":11,"retryReasons":[],"status":"passed","title":"should handle bulk create efficiently"},{"ancestorTitles":["Cats API (e2e)","Performance Tests"],"duration":15,"failureDetails":[],"failureMessages":[],"fullName":"Cats API (e2e) Performance Tests should list cats efficiently with pagination","invocations":1,"location":null,"numPassingAsserts":2,"retryReasons":[],"status":"passed","title":"should list cats efficiently with pagination"},{"ancestorTitles":["Cats API (e2e)","Error Handling"],"duration":8,"failureDetails":[],"failureMessages":[],"fullName":"Cats API (e2e) Error Handling should return structured error response","invocations":1,"location":null,"numPassingAsserts":3,"retryReasons":[],"status":"passed","title":"should return structured error response"},{"ancestorTitles":["Cats API (e2e)","Error Handling"],"duration":14,"failureDetails":[],"failureMessages":[],"fullName":"Cats API (e2e) Error Handling should handle database errors gracefully","invocations":1,"location":null,"numPassingAsserts":2,"retryReasons":[],"status":"passed","title":"should handle database errors gracefully"}],"endTime":1761228185464,"message":"","name":"/Users/nekoya/mycats-pro/backend/test/cats.e2e-spec.ts","startTime":1761228182994,"status":"passed","summary":""},{"assertionResults":[{"ancestorTitles":["Breeds & Coat Colors API (e2e)","Breeds endpoints"],"duration":14,"failureDetails":[],"failureMessages":[],"fullName":"Breeds & Coat Colors API (e2e) Breeds endpoints allows admin to create a breed","invocations":1,"location":null,"numPassingAsserts":2,"retryReasons":[],"status":"passed","title":"allows admin to create a breed"},{"ancestorTitles":["Breeds & Coat Colors API (e2e)","Breeds endpoints"],"duration":22,"failureDetails":[],"failureMessages":[],"fullName":"Breeds & Coat Colors API (e2e) Breeds endpoints lists breeds with pagination and search support","invocations":1,"location":null,"numPassingAsserts":4,"retryReasons":[],"status":"passed","title":"lists breeds with pagination and search support"},{"ancestorTitles":["Breeds & Coat Colors API (e2e)","Breeds endpoints"],"duration":15,"failureDetails":[],"failureMessages":[],"fullName":"Breeds & Coat Colors API (e2e) Breeds endpoints retrieves breed details including counts","invocations":1,"location":null,"numPassingAsserts":4,"retryReasons":[],"status":"passed","title":"retrieves breed details including counts"},{"ancestorTitles":["Breeds & Coat Colors API (e2e)","Breeds endpoints"],"duration":170,"failureDetails":[],"failureMessages":[],"fullName":"Breeds & Coat Colors API (e2e) Breeds endpoints updates breed metadata","invocations":1,"location":null,"numPassingAsserts":2,"retryReasons":[],"status":"passed","title":"updates breed metadata"},{"ancestorTitles":["Breeds & Coat Colors API (e2e)","Breeds endpoints"],"duration":28,"failureDetails":[],"failureMessages":[],"fullName":"Breeds & Coat Colors API (e2e) Breeds endpoints returns breed statistics","invocations":1,"location":null,"numPassingAsserts":2,"retryReasons":[],"status":"passed","title":"returns breed statistics"},{"ancestorTitles":["Breeds & Coat Colors API (e2e)","Breeds endpoints"],"duration":12,"failureDetails":[],"failureMessages":[],"fullName":"Breeds & Coat Colors API (e2e) Breeds endpoints responds with 404 for missing breed","invocations":1,"location":null,"numPassingAsserts":2,"retryReasons":[],"status":"passed","title":"responds with 404 for missing breed"},{"ancestorTitles":["Breeds & Coat Colors API (e2e)","Coat color endpoints"],"duration":15,"failureDetails":[],"failureMessages":[],"fullName":"Breeds & Coat Colors API (e2e) Coat color endpoints allows admin to create a coat color","invocations":1,"location":null,"numPassingAsserts":2,"retryReasons":[],"status":"passed","title":"allows admin to create a coat color"},{"ancestorTitles":["Breeds & Coat Colors API (e2e)","Coat color endpoints"],"duration":23,"failureDetails":[],"failureMessages":[],"fullName":"Breeds & Coat Colors API (e2e) Coat color endpoints lists coat colors with pagination and search support","invocations":1,"location":null,"numPassingAsserts":4,"retryReasons":[],"status":"passed","title":"lists coat colors with pagination and search support"},{"ancestorTitles":["Breeds & Coat Colors API (e2e)","Coat color endpoints"],"duration":11,"failureDetails":[],"failureMessages":[],"fullName":"Breeds & Coat Colors API (e2e) Coat color endpoints retrieves coat color details including counts","invocations":1,"location":null,"numPassingAsserts":3,"retryReasons":[],"status":"passed","title":"retrieves coat color details including counts"},{"ancestorTitles":["Breeds & Coat Colors API (e2e)","Coat color endpoints"],"duration":14,"failureDetails":[],"failureMessages":[],"fullName":"Breeds & Coat Colors API (e2e) Coat color endpoints updates coat color description","invocations":1,"location":null,"numPassingAsserts":2,"retryReasons":[],"status":"passed","title":"updates coat color description"},{"ancestorTitles":["Breeds & Coat Colors API (e2e)","Coat color endpoints"],"duration":9,"failureDetails":[],"failureMessages":[],"fullName":"Breeds & Coat Colors API (e2e) Coat color endpoints returns coat color statistics","invocations":1,"location":null,"numPassingAsserts":2,"retryReasons":[],"status":"passed","title":"returns coat color statistics"},{"ancestorTitles":["Breeds & Coat Colors API (e2e)","Coat color endpoints"],"duration":13,"failureDetails":[],"failureMessages":[],"fullName":"Breeds & Coat Colors API (e2e) Coat color endpoints responds with 404 for missing coat color","invocations":1,"location":null,"numPassingAsserts":2,"retryReasons":[],"status":"passed","title":"responds with 404 for missing coat color"}],"endTime":1761228186588,"message":"","name":"/Users/nekoya/mycats-pro/backend/test/breeds-coat-colors.e2e-spec.ts","startTime":1761228185501,"status":"passed","summary":""},{"assertionResults":[{"ancestorTitles":["Care & Tags flows (e2e)"],"duration":307,"failureDetails":[],"failureMessages":[],"fullName":"Care & Tags flows (e2e) care schedule: create -> complete (happy path with seed cat)","invocations":1,"location":null,"numPassingAsserts":2,"retryReasons":[],"status":"passed","title":"care schedule: create -> complete (happy path with seed cat)"},{"ancestorTitles":["Care & Tags flows (e2e)"],"duration":286,"failureDetails":[],"failureMessages":[],"fullName":"Care & Tags flows (e2e) tags: create -> assign -> unassign","invocations":1,"location":null,"numPassingAsserts":4,"retryReasons":[],"status":"passed","title":"tags: create -> assign -> unassign"}],"endTime":1761228187555,"message":"","name":"/Users/nekoya/mycats-pro/backend/test/care-and-tags.e2e-spec.ts","startTime":1761228186599,"status":"passed","summary":""},{"assertionResults":[{"ancestorTitles":["Auth register (e2e)"],"duration":116,"failureDetails":[],"failureMessages":[],"fullName":"Auth register (e2e) registers then rejects duplicate email with 409/400","invocations":1,"location":null,"numPassingAsserts":0,"retryReasons":[],"status":"passed","title":"registers then rejects duplicate email with 409/400"}],"endTime":1761228188240,"message":"","name":"/Users/nekoya/mycats-pro/backend/test/auth-register.e2e-spec.ts","startTime":1761228187569,"status":"passed","summary":""},{"assertionResults":[{"ancestorTitles":["Auth -> Breeding (e2e)"],"duration":202,"failureDetails":[],"failureMessages":[],"fullName":"Auth -> Breeding (e2e) register, login, create breeding","invocations":1,"location":null,"numPassingAsserts":1,"retryReasons":[],"status":"passed","title":"register, login, create breeding"}],"endTime":1761228188997,"message":"","name":"/Users/nekoya/mycats-pro/backend/test/auth-breeding.e2e-spec.ts","startTime":1761228188266,"status":"passed","summary":""},{"assertionResults":[{"ancestorTitles":["Pedigree module (integration)","read operations via HTTP"],"duration":88,"failureDetails":[],"failureMessages":[],"fullName":"Pedigree module (integration) read operations via HTTP creates pedigrees via service and exposes them through list and detail endpoints","invocations":1,"location":null,"numPassingAsserts":9,"retryReasons":[],"status":"passed","title":"creates pedigrees via service and exposes them through list and detail endpoints"},{"ancestorTitles":["Pedigree module (integration)","read operations via HTTP"],"duration":55,"failureDetails":[],"failureMessages":[],"fullName":"Pedigree module (integration) read operations via HTTP returns family tree and family projections for stored pedigrees","invocations":1,"location":null,"numPassingAsserts":4,"retryReasons":[],"status":"passed","title":"returns family tree and family projections for stored pedigrees"},{"ancestorTitles":["Pedigree module (integration)","write operations via service"],"duration":25,"failureDetails":[],"failureMessages":[],"fullName":"Pedigree module (integration) write operations via service updates an existing pedigree and persists changes","invocations":1,"location":null,"numPassingAsserts":3,"retryReasons":[],"status":"passed","title":"updates an existing pedigree and persists changes"},{"ancestorTitles":["Pedigree module (integration)","write operations via service"],"duration":32,"failureDetails":[],"failureMessages":[],"fullName":"Pedigree module (integration) write operations via service removes a pedigree and the endpoint responds with not found afterwards","invocations":1,"location":null,"numPassingAsserts":3,"retryReasons":[],"status":"passed","title":"removes a pedigree and the endpoint responds with not found afterwards"},{"ancestorTitles":["Pedigree module (integration)","authorization and error handling"],"duration":17,"failureDetails":[],"failureMessages":[],"fullName":"Pedigree module (integration) authorization and error handling rejects pedigree creation via HTTP without admin role","invocations":1,"location":null,"numPassingAsserts":2,"retryReasons":[],"status":"passed","title":"rejects pedigree creation via HTTP without admin role"},{"ancestorTitles":["Pedigree module (integration)","authorization and error handling"],"duration":162,"failureDetails":[],"failureMessages":[],"fullName":"Pedigree module (integration) authorization and error handling returns not found for pedigree lookups by id and pedigree id","invocations":1,"location":null,"numPassingAsserts":4,"retryReasons":[],"status":"passed","title":"returns not found for pedigree lookups by id and pedigree id"},{"ancestorTitles":["Pedigree module (integration)","authorization and error handling"],"duration":25,"failureDetails":[],"failureMessages":[],"fullName":"Pedigree module (integration) authorization and error handling propagates not found errors from service update and removal","invocations":1,"location":null,"numPassingAsserts":2,"retryReasons":[],"status":"passed","title":"propagates not found errors from service update and removal"},{"ancestorTitles":["Pedigree module (integration)","authorization and error handling"],"duration":63,"failureDetails":[],"failureMessages":[],"fullName":"Pedigree module (integration) authorization and error handling returns not found for family and descendant endpoints when pedigree does not exist","invocations":1,"location":null,"numPassingAsserts":3,"retryReasons":[],"status":"passed","title":"returns not found for family and descendant endpoints when pedigree does not exist"},{"ancestorTitles":["Pedigree module (integration)","advanced list and relation projections"],"duration":90,"failureDetails":[],"failureMessages":[],"fullName":"Pedigree module (integration) advanced list and relation projections filters pedigrees by codes and attributes","invocations":1,"location":null,"numPassingAsserts":3,"retryReasons":[],"status":"passed","title":"filters pedigrees by codes and attributes"},{"ancestorTitles":["Pedigree module (integration)","advanced list and relation projections"],"duration":34,"failureDetails":[],"failureMessages":[],"fullName":"Pedigree module (integration) advanced list and relation projections returns descendants list for an existing pedigree","invocations":1,"location":null,"numPassingAsserts":3,"retryReasons":[],"status":"passed","title":"returns descendants list for an existing pedigree"}],"endTime":1761228190268,"message":"","name":"/Users/nekoya/mycats-pro/backend/test/pedigree.e2e-spec.ts","startTime":1761228189007,"status":"passed","summary":""},{"assertionResults":[{"ancestorTitles":["Breeding NG Rules API (e2e)"],"duration":11,"failureDetails":[],"failureMessages":[],"fullName":"Breeding NG Rules API (e2e) should create a new NG rule","invocations":1,"location":null,"numPassingAsserts":3,"retryReasons":[],"status":"passed","title":"should create a new NG rule"},{"ancestorTitles":["Breeding NG Rules API (e2e)"],"duration":10,"failureDetails":[],"failureMessages":[],"fullName":"Breeding NG Rules API (e2e) should list NG rules including the created one","invocations":1,"location":null,"numPassingAsserts":2,"retryReasons":[],"status":"passed","title":"should list NG rules including the created one"},{"ancestorTitles":["Breeding NG Rules API (e2e)"],"duration":11,"failureDetails":[],"failureMessages":[],"fullName":"Breeding NG Rules API (e2e) should update an existing NG rule","invocations":1,"location":null,"numPassingAsserts":2,"retryReasons":[],"status":"passed","title":"should update an existing NG rule"},{"ancestorTitles":["Breeding NG Rules API (e2e)"],"duration":16,"failureDetails":[],"failureMessages":[],"fullName":"Breeding NG Rules API (e2e) should delete the NG rule","invocations":1,"location":null,"numPassingAsserts":2,"retryReasons":[],"status":"passed","title":"should delete the NG rule"}],"endTime":1761228191034,"message":"","name":"/Users/nekoya/mycats-pro/backend/test/breeding-ng-rules.e2e-spec.ts","startTime":1761228190303,"status":"passed","summary":""}],"wasInterrupted":false}
